Resolved "preview" environment for the build. Learn more: https://docs.expo.dev/eas/environment-variables/#setting-the-environment-for-your-builds
No environment variables with visibility "Plain text" and "Sensitive" found for the "preview" environment on EAS.

Specified value for "android.package" in app.json is ignored because an android directory was detected in the project.
EAS Build will use the value found in the native code.


‚úĒ Using remote Android credentials (Expo server)
‚úĒ Using Keystore from configuration: Build Credentials 9xXcuMvE0c (default)

Compressing project files and uploading to EAS Build. Learn more: https://expo.fyi/eas-build-archive
- Uploading to EAS Build (0 / 1.0 MB)
‚úĒ Uploaded to EAS 1s
- Computing project fingerprint
‚úĒ Computed project fingerprint

See logs: https://expo.dev/accounts/phsang/projects/thepush/builds/d006e108-7650-49e4-ad7d-caa9d43b81cf

Waiting for build to complete. You can press Ctrl+C to exit.
- Waiting for build to complete.
  Build queued...

Start builds sooner in the priority queue.
Sign up for a paid plan at https://expo.dev/accounts/phsang/settings/billing

Waiting in Free tier queue

- Build is about to start
‚úĒ Build finished
  ‚ĖĄ‚ĖĄ‚ĖĄ‚ĖĄ‚ĖĄ‚ĖĄ‚ĖĄ‚ĖĄ‚ĖĄ‚ĖĄ‚ĖĄ‚ĖĄ‚ĖĄ‚ĖĄ‚ĖĄ‚ĖĄ‚ĖĄ‚ĖĄ‚ĖĄ‚ĖĄ‚ĖĄ‚ĖĄ‚ĖĄ‚ĖĄ‚ĖĄ‚ĖĄ‚ĖĄ‚ĖĄ‚ĖĄ‚ĖĄ‚ĖĄ‚ĖĄ‚ĖĄ‚ĖĄ‚ĖĄ‚ĖĄ‚ĖĄ‚ĖĄ‚ĖĄ
  ‚Ėą ‚ĖĄ‚ĖĄ‚ĖĄ‚ĖĄ‚ĖĄ ‚Ėą ‚Ėą‚Ėą‚ĖÄ‚ĖÄ ‚Ėą‚ĖĄ‚Ėą‚Ėą‚Ėą‚ĖÄ ‚ĖÄ‚Ėą‚ĖĄ‚Ėą‚Ėą‚ĖĄ‚ĖĄ‚ĖÄ‚Ėą ‚ĖĄ‚ĖĄ‚ĖĄ‚ĖĄ‚ĖĄ ‚Ėą
  ‚Ėą ‚Ėą   ‚Ėą ‚Ėą  ‚ĖÄ‚Ėą ‚ĖÄ‚Ėą ‚ĖÄ‚ĖĄ‚ĖĄ‚ĖĄ ‚ĖĄ‚ĖĄ‚Ėą‚ĖĄ‚ĖÄ ‚ĖÄ‚ĖÄ‚Ėą ‚Ėą   ‚Ėą ‚Ėą
  ‚Ėą ‚Ėą‚ĖĄ‚ĖĄ‚ĖĄ‚Ėą ‚Ėą‚ĖÄ  ‚Ėą‚ĖĄ‚ĖĄ‚ĖÄ‚ĖĄ ‚Ėą‚ĖÄ‚ĖÄ‚ĖĄ‚Ėą ‚ĖĄ  ‚ĖÄ‚ĖĄ‚ĖĄ‚Ėą ‚Ėą‚ĖĄ‚ĖĄ‚ĖĄ‚Ėą ‚Ėą
  ‚Ėą‚ĖĄ‚ĖĄ‚ĖĄ‚ĖĄ‚ĖĄ‚ĖĄ‚ĖĄ‚Ėą‚ĖĄ‚Ėą ‚ĖÄ‚ĖĄ‚Ėą ‚ĖÄ ‚ĖÄ‚ĖĄ‚ĖÄ ‚ĖÄ‚ĖĄ‚ĖÄ‚ĖĄ‚Ėą‚ĖĄ‚Ėą‚ĖĄ‚Ėą‚ĖĄ‚ĖĄ‚ĖĄ‚ĖĄ‚ĖĄ‚ĖĄ‚ĖĄ‚Ėą
  ‚Ėą‚ĖĄ ‚ĖÄ‚ĖÄ‚ĖĄ ‚ĖĄ‚ĖÄ‚Ėą‚ĖÄ‚ĖĄ‚Ėą‚ĖĄ‚ĖÄ‚ĖÄ ‚ĖĄ  ‚ĖĄ‚ĖÄ ‚ĖĄ ‚ĖĄ‚ĖÄ‚Ėą ‚ĖÄ‚Ėą‚Ėą‚ĖĄ‚ĖÄ‚ĖĄ  ‚ĖĄ‚Ėą
  ‚Ėą‚ĖĄ‚ĖÄ‚Ėą ‚ĖÄ‚ĖÄ‚ĖĄ‚ĖĄ  ‚ĖĄ‚Ėą‚ĖÄ‚ĖĄ‚Ėą ‚ĖÄ  ‚Ėą  ‚ĖĄ‚ĖĄ‚ĖĄ‚ĖĄ‚Ėą ‚ĖÄ‚ĖĄ‚ĖÄ‚ĖĄ‚Ėą ‚ĖÄ‚ĖĄ‚ĖÄ‚Ėą
  ‚Ėą‚ĖÄ‚ĖÄ ‚ĖĄ‚ĖĄ‚Ėą‚ĖĄ‚Ėą‚ĖĄ‚ĖÄ‚ĖÄ‚ĖĄ‚ĖÄ‚Ėą‚ĖĄ‚ĖÄ‚ĖÄ‚ĖĄ‚ĖĄ‚Ėą  ‚ĖĄ‚ĖÄ‚Ėą‚Ėą‚ĖÄ‚ĖÄ‚ĖÄ‚ĖĄ‚ĖĄ‚ĖĄ‚ĖÄ‚ĖÄ ‚ĖÄ‚ĖĄ‚Ėą
  ‚Ėą‚ĖÄ‚ĖÄ‚Ėą‚ĖÄ ‚Ėą‚ĖĄ ‚ĖÄ‚Ėą  ‚ĖĄ‚Ėą‚Ėą ‚ĖÄ ‚ĖĄ‚Ėą‚Ėą ‚ĖÄ  ‚ĖĄ ‚ĖĄ‚ĖÄ‚ĖĄ‚ĖÄ  ‚ĖÄ‚ĖÄ‚ĖÄ‚Ėą‚Ėą
  ‚Ėą‚ĖÄ‚ĖĄ‚Ėą  ‚ĖĄ‚ĖĄ‚ĖÄ‚Ėą‚Ėą ‚Ėą‚ĖĄ‚ĖÄ‚ĖĄ‚ĖÄ‚ĖÄ ‚ĖĄ‚Ėą‚ĖÄ‚ĖĄ‚ĖĄ‚ĖÄ‚Ėą‚Ėą‚ĖÄ‚ĖÄ ‚ĖĄ‚ĖĄ ‚ĖÄ‚ĖÄ ‚ĖÄ‚ĖĄ‚Ėą
  ‚Ėą‚Ėą ‚ĖÄ‚Ėą‚ĖĄ‚ĖĄ‚ĖĄ ‚Ėą‚Ėą ‚Ėą‚ĖÄ‚Ėą‚ĖÄ‚ĖĄ‚ĖÄ ‚ĖÄ‚Ėą‚Ėą ‚ĖÄ ‚Ėą‚ĖĄ‚Ėą  ‚Ėą ‚ĖÄ‚ĖĄ‚Ėą‚ĖÄ‚ĖÄ‚Ėą‚Ėą
  ‚Ėą ‚ĖĄ‚Ėą‚Ėą ‚ĖĄ‚ĖĄ‚ĖĄ‚ĖÄ‚Ėą ‚ĖĄ‚ĖÄ‚ĖÄ‚ĖÄ‚ĖÄ‚ĖÄ‚ĖĄ‚ĖÄ‚ĖĄ‚ĖÄ‚ĖĄ ‚ĖÄ‚Ėą‚ĖÄ‚ĖÄ ‚ĖÄ ‚ĖĄ‚Ėą‚ĖÄ‚ĖÄ‚ĖĄ ‚ĖĄ‚Ėą
  ‚Ėą‚Ėą‚ĖĄ‚Ėą ‚ĖĄ‚Ėą‚ĖĄ‚Ėą‚ĖĄ‚ĖĄ‚Ėą ‚ĖĄ‚ĖĄ‚ĖÄ ‚Ėą  ‚Ėą‚ĖĄ‚ĖÄ‚ĖĄ  ‚Ėą   ‚Ėą‚Ėą ‚Ėą‚Ėą ‚ĖÄ‚Ėą‚Ėą
  ‚Ėą ‚Ėą‚Ėą ‚Ėą‚Ėą‚ĖĄ ‚ĖĄ ‚ĖĄ‚Ėą‚ĖĄ‚ĖÄ‚ĖÄ ‚Ėą‚ĖĄ‚ĖĄ‚ĖĄ‚ĖÄ ‚Ėą‚ĖÄ‚ĖĄ‚ĖÄ‚ĖÄ‚ĖÄ ‚ĖĄ‚ĖĄ‚ĖĄ‚ĖÄ‚ĖĄ  ‚ĖĄ‚Ėą
  ‚Ėą‚Ėą‚Ėą‚ĖÄ  ‚ĖĄ‚ĖĄ‚ĖÄ ‚ĖĄ ‚Ėą‚ĖÄ‚ĖĄ‚ĖĄ ‚ĖĄ ‚ĖĄ‚Ėą ‚ĖÄ‚Ėą ‚Ėą‚ĖĄ‚ĖÄ‚ĖĄ‚Ėą‚ĖÄ ‚ĖÄ‚Ėą‚ĖĄ ‚ĖÄ‚Ėą‚Ėą
  ‚Ėą‚ĖĄ‚ĖĄ‚ĖĄ‚Ėą‚Ėą‚ĖĄ‚ĖĄ‚Ėą‚ĖÄ‚Ėą ‚ĖĄ‚ĖÄ‚ĖĄ ‚ĖÄ‚ĖÄ  ‚ĖĄ‚ĖĄ‚ĖĄ‚ĖĄ ‚ĖĄ‚ĖÄ‚Ėą‚ĖĄ ‚ĖĄ‚ĖĄ‚ĖĄ ‚ĖĄ‚ĖĄ‚Ėą‚Ėą‚Ėą
  ‚Ėą ‚ĖĄ‚ĖĄ‚ĖĄ‚ĖĄ‚ĖĄ ‚Ėą‚ĖÄ ‚ĖÄ ‚ĖĄ ‚ĖĄ‚ĖĄ‚Ėą  ‚ĖÄ‚ĖÄ ‚ĖÄ ‚ĖÄ‚Ėą‚ĖĄ‚ĖÄ ‚Ėą‚ĖĄ‚Ėą ‚ĖĄ ‚Ėą‚Ėą‚Ėą
  ‚Ėą ‚Ėą   ‚Ėą ‚Ėą‚ĖĄ  ‚Ėą‚ĖĄ ‚ĖÄ‚ĖÄ‚ĖĄ‚ĖĄ‚ĖÄ‚ĖĄ‚ĖÄ‚ĖĄ‚ĖÄ‚ĖÄ‚Ėą‚ĖÄ‚Ėą‚ĖÄ    ‚ĖĄ‚ĖÄ  ‚ĖÄ‚Ėą
  ‚Ėą ‚Ėą‚ĖĄ‚ĖĄ‚ĖĄ‚Ėą ‚Ėą‚ĖÄ‚ĖĄ‚ĖĄ‚Ėą‚ĖÄ‚Ėą‚ĖÄ ‚ĖĄ ‚ĖÄ‚Ėą‚Ėą  ‚ĖĄ ‚ĖĄ‚ĖÄ‚ĖĄ‚ĖĄ‚Ėą‚ĖĄ‚ĖĄ‚ĖÄ‚ĖÄ‚ĖÄ‚ĖÄ‚Ėą‚Ėą
  ‚Ėą‚ĖĄ‚ĖĄ‚ĖĄ‚ĖĄ‚ĖĄ‚ĖĄ‚ĖĄ‚Ėą‚ĖĄ‚ĖĄ‚ĖĄ‚ĖĄ‚Ėą‚ĖĄ‚ĖĄ‚Ėą‚Ėą‚ĖĄ‚Ėą‚ĖĄ‚Ėą‚ĖĄ‚Ėą‚ĖĄ‚ĖĄ‚Ėą‚ĖĄ‚ĖĄ‚Ėą‚Ėą‚ĖĄ‚Ėą‚Ėą‚Ėą‚ĖĄ‚ĖĄ‚ĖĄ‚Ėą


ūü§Ė Open this link on your Android devices (or scan the QR code) to install the app:
https://expo.dev/accounts/phsang/projects/thepush/builds/d006e108-7650-49e4-ad7d-caa9d43b81cf
