Resolved "preview" environment for the build. Learn more: https://docs.expo.dev/eas/environment-variables/#setting-the-environment-for-your-builds
No environment variables with visibility "Plain text" and "Sensitive" found for the "preview" environment on EAS.

Specified value for "android.package" in app.json is ignored because an android directory was detected in the project.
EAS Build will use the value found in the native code.


✔ Using remote Android credentials (Expo server)
✔ Using Keystore from configuration: Build Credentials 9xXcuMvE0c (default)

Compressing project files and uploading to EAS Build. Learn more: https://expo.fyi/eas-build-archive
- Uploading to EAS Build (0 / 1.0 MB)
✔ Uploaded to EAS 1s
- Computing project fingerprint
✔ Computed project fingerprint

See logs: https://expo.dev/accounts/phsang/projects/thepush/builds/4c839c51-80e6-40de-b9ce-b7f1b548e89c

Waiting for build to complete. You can press Ctrl+C to exit.
- Waiting for build to complete.
  Build queued...

Start builds sooner in the priority queue.
Sign up for a paid plan at https://expo.dev/accounts/phsang/settings/billing

Waiting in Free tier queue

- Build is about to start
✖ Build failed
🤖 Android build failed:
Unknown error. See logs of the Bundle JavaScript build phase for more information.
