Starting project at /home/hwi/challenge-app
Metro is running in CI mode, reloads are disabled. Remove CI=true to enable watch mode.
Starting Metro Bundler
Tunnel connected.
Tunnel ready.
Waiting on http://localhost:8081
Logs for your project will appear below.
Android ./index.js ░░░░░░░░░░░░░░░░  0.0% (0/1)
Android Bundled 1493ms index.js (1647 modules)
Android ./index.js ░░░░░░░░░░░░░░░░  0.0% (0/1)
Android Bundled 86ms index.js (1 module)
 ERROR  expo-notifications: Android Push notifications (remote notifications) functionality provided by expo-notifications was removed from Expo Go with the release of SDK 53. Use a development build instead of Expo Go. Read more at https://docs.expo.dev/develop/development-builds/introduction/.
 WARN  `expo-notifications` functionality is not fully supported in Expo Go:
We recommend you instead use a development build to avoid limitations. Learn more: https://expo.fyi/dev-client.
 WARN  setLayoutAnimationEnabledExperimental is currently a no-op in the New Architecture.
 WARN  Method writeAsStringAsync imported from "expo-file-system" is deprecated.
You can migrate to the new filesystem API using "File" and "Directory" classes or import the legacy API from "expo-file-system/legacy".
API reference and examples are available in the filesystem docs: https://docs.expo.dev/versions/v54.0.0/sdk/filesystem/
 LOG  [ChallengeList][readOrderMap] -> {}
 LOG  [ChallengeList][normalizeWithOrder]
 LOG    mode=respectMap activeKnownIds : []
 LOG    mode=respectMap activeUnknownIds: []
 LOG    arrangedIds    : []
 LOG    newOrderMap    : {}
 LOG  [ChallengeList][load] rawIds= []
 LOG  [ChallengeList][load] arrangedIds= []
 LOG  [ChallengeList][writeOrderMap] saved: {}
 LOG  [ChallengeList][blur] snapshotIds= []
 LOG  [ChallengeList][readOrderMap] -> {}
 LOG  [ChallengeList][normalizeWithOrder]
 LOG    mode=respectArray activeInArrOrder: []
 LOG    arrangedIds    : []
 LOG    newOrderMap    : {}
 LOG  [ChallengeList][persistChallenges:blur] saved arrangedIds= []
 LOG  [ChallengeList][persistChallenges] orderMap= {}
Android ./index.js ░░░░░░░░░░░░░░░░  0.0% (0/1)
Android Bundled 86ms index.js (1 module)
 ERROR  expo-notifications: Android Push notifications (remote notifications) functionality provided by expo-notifications was removed from Expo Go with the release of SDK 53. Use a development build instead of Expo Go. Read more at https://docs.expo.dev/develop/development-builds/introduction/.
 WARN  `expo-notifications` functionality is not fully supported in Expo Go:
We recommend you instead use a development build to avoid limitations. Learn more: https://expo.fyi/dev-client.
 WARN  setLayoutAnimationEnabledExperimental is currently a no-op in the New Architecture.
 WARN  Method writeAsStringAsync imported from "expo-file-system" is deprecated.
You can migrate to the new filesystem API using "File" and "Directory" classes or import the legacy API from "expo-file-system/legacy".
API reference and examples are available in the filesystem docs: https://docs.expo.dev/versions/v54.0.0/sdk/filesystem/
 LOG  [ChallengeList][readOrderMap] -> {}
 LOG  [ChallengeList][normalizeWithOrder]
 LOG    mode=respectMap activeKnownIds : []
 LOG    mode=respectMap activeUnknownIds: []
 LOG    arrangedIds    : []
 LOG    newOrderMap    : {}
 LOG  [ChallengeList][load] rawIds= []
 LOG  [ChallengeList][load] arrangedIds= []
 LOG  [ChallengeList][writeOrderMap] saved: {}
 LOG  [ChallengeList][blur] snapshotIds= []
 LOG  [ChallengeList][readOrderMap] -> {}
 LOG  [ChallengeList][normalizeWithOrder]
 LOG    mode=respectArray activeInArrOrder: []
 LOG    arrangedIds    : []
 LOG    newOrderMap    : {}
 LOG  [ChallengeList][persistChallenges:blur] saved arrangedIds= []
 LOG  [ChallengeList][persistChallenges] orderMap= {}
 LOG  [ChallengeList][readOrderMap] -> {}
 LOG  [ChallengeList][normalizeWithOrder]
 LOG    mode=respectMap activeKnownIds : []
 LOG    mode=respectMap activeUnknownIds: []
 LOG    arrangedIds    : []
 LOG    newOrderMap    : {}
 LOG  [ChallengeList][load] rawIds= []
 LOG  [ChallengeList][load] arrangedIds= []
 LOG  [ChallengeList][writeOrderMap] saved: {}
 LOG  [ChallengeList][blur] snapshotIds= []
 LOG  [ChallengeList][readOrderMap] -> {}
 LOG  [ChallengeList][normalizeWithOrder]
 LOG    mode=respectArray activeInArrOrder: []
 LOG    arrangedIds    : []
 LOG    newOrderMap    : {}
 LOG  [ChallengeList][persistChallenges:blur] saved arrangedIds= []
 LOG  [ChallengeList][persistChallenges] orderMap= {}
 LOG  [ChallengeList][readOrderMap] -> {}
 LOG  [ChallengeList][normalizeWithOrder]
 LOG    mode=respectMap activeKnownIds : []
 LOG    mode=respectMap activeUnknownIds: []
 LOG    arrangedIds    : []
 LOG    newOrderMap    : {}
 LOG  [ChallengeList][load] rawIds= []
 LOG  [ChallengeList][load] arrangedIds= []
 LOG  [ChallengeList][writeOrderMap] saved: {}
 LOG  [ChallengeList][blur] snapshotIds= []
 LOG  [ChallengeList][readOrderMap] -> {}
 LOG  [ChallengeList][normalizeWithOrder]
 LOG    mode=respectArray activeInArrOrder: []
 LOG    arrangedIds    : []
 LOG    newOrderMap    : {}
 LOG  [ChallengeList][persistChallenges:blur] saved arrangedIds= []
 LOG  [ChallengeList][persistChallenges] orderMap= {}
 LOG  [ChallengeList][readOrderMap] -> {}
 LOG  [ChallengeList][normalizeWithOrder]
 LOG    mode=respectMap activeKnownIds : []
 LOG    mode=respectMap activeUnknownIds: []
 LOG    arrangedIds    : []
 LOG    newOrderMap    : {}
 LOG  [ChallengeList][load] rawIds= []
 LOG  [ChallengeList][load] arrangedIds= []
 LOG  [ChallengeList][writeOrderMap] saved: {}
Android ./index.js ░░░░░░░░░░░░░░░░  0.0% (0/1)
Android Bundled 86ms index.js (1 module)
 ERROR  expo-notifications: Android Push notifications (remote notifications) functionality provided by expo-notifications was removed from Expo Go with the release of SDK 53. Use a development build instead of Expo Go. Read more at https://docs.expo.dev/develop/development-builds/introduction/.
 WARN  `expo-notifications` functionality is not fully supported in Expo Go:
We recommend you instead use a development build to avoid limitations. Learn more: https://expo.fyi/dev-client.
 WARN  setLayoutAnimationEnabledExperimental is currently a no-op in the New Architecture.
 WARN  Method writeAsStringAsync imported from "expo-file-system" is deprecated.
You can migrate to the new filesystem API using "File" and "Directory" classes or import the legacy API from "expo-file-system/legacy".
API reference and examples are available in the filesystem docs: https://docs.expo.dev/versions/v54.0.0/sdk/filesystem/
 LOG  [ChallengeList][readOrderMap] -> {}
 LOG  [ChallengeList][normalizeWithOrder]
 LOG    mode=respectMap activeKnownIds : []
 LOG    mode=respectMap activeUnknownIds: []
 LOG    arrangedIds    : []
 LOG    newOrderMap    : {}
 LOG  [ChallengeList][load] rawIds= []
 LOG  [ChallengeList][load] arrangedIds= []
 LOG  [ChallengeList][writeOrderMap] saved: {}
 LOG  [ChallengeList][blur] snapshotIds= []
 LOG  [ChallengeList][readOrderMap] -> {}
 LOG  [ChallengeList][normalizeWithOrder]
 LOG    mode=respectArray activeInArrOrder: []
 LOG    arrangedIds    : []
 LOG    newOrderMap    : {}
 LOG  [ChallengeList][persistChallenges:blur] saved arrangedIds= []
 LOG  [ChallengeList][persistChallenges] orderMap= {}
 LOG  [ChallengeList][readOrderMap] -> {}
 LOG  [ChallengeList][normalizeWithOrder]
 LOG    mode=respectMap activeKnownIds : []
 LOG    mode=respectMap activeUnknownIds: []
 LOG    arrangedIds    : []
 LOG    newOrderMap    : {}
 LOG  [ChallengeList][load] rawIds= []
 LOG  [ChallengeList][load] arrangedIds= []
 LOG  [ChallengeList][writeOrderMap] saved: {}
 LOG  [ChallengeList][blur] snapshotIds= []
 LOG  [ChallengeList][readOrderMap] -> {}
 LOG  [ChallengeList][normalizeWithOrder]
 LOG    mode=respectArray activeInArrOrder: []
 LOG    arrangedIds    : []
 LOG    newOrderMap    : {}
 LOG  [ChallengeList][persistChallenges:blur] saved arrangedIds= []
 LOG  [ChallengeList][persistChallenges] orderMap= {}
 LOG  [ChallengeList][readOrderMap] -> {}
 LOG  [ChallengeList][normalizeWithOrder]
 LOG    mode=respectMap activeKnownIds : []
 LOG    mode=respectMap activeUnknownIds: []
 LOG    arrangedIds    : []
 LOG    newOrderMap    : {}
 LOG  [ChallengeList][load] rawIds= []
 LOG  [ChallengeList][load] arrangedIds= []
 LOG  [ChallengeList][writeOrderMap] saved: {}
 LOG  [ChallengeList][blur] snapshotIds= []
 LOG  [ChallengeList][readOrderMap] -> {}
 LOG  [ChallengeList][normalizeWithOrder]
 LOG    mode=respectArray activeInArrOrder: []
 LOG    arrangedIds    : []
 LOG    newOrderMap    : {}
 LOG  [ChallengeList][persistChallenges:blur] saved arrangedIds= []
 LOG  [ChallengeList][persistChallenges] orderMap= {}
 LOG  [ChallengeList][readOrderMap] -> {}
 LOG  [ChallengeList][normalizeWithOrder]
 LOG    mode=respectMap activeKnownIds : []
 LOG    mode=respectMap activeUnknownIds: []
 LOG    arrangedIds    : []
 LOG    newOrderMap    : {}
 LOG  [ChallengeList][load] rawIds= []
 LOG  [ChallengeList][load] arrangedIds= []
 LOG  [ChallengeList][writeOrderMap] saved: {}
 LOG  [ChallengeList][blur] snapshotIds= []
 LOG  [ChallengeList][readOrderMap] -> {}
 LOG  [ChallengeList][normalizeWithOrder]
 LOG    mode=respectArray activeInArrOrder: []
 LOG    arrangedIds    : []
 LOG    newOrderMap    : {}
 LOG  [ChallengeList][persistChallenges:blur] saved arrangedIds= []
 LOG  [ChallengeList][persistChallenges] orderMap= {}
