Starting project at /home/hwi/challenge-app
Metro is running in CI mode, reloads are disabled. Remove CI=true to enable watch mode.
Starting Metro Bundler
Tunnel connected.
Tunnel ready.
Waiting on http://localhost:8081
Logs for your project will appear below.
Android ./index.js ░░░░░░░░░░░░░░░░  0.0% (0/1)
Android ./index.js ▓▓▓░░░░░░░░░░░░░ 20.9% (154/368)
Android ./index.js ▓▓▓▓▓▓░░░░░░░░░░ 39.4% (392/671)
Android ./index.js ▓▓▓▓▓▓▓▓▓▓░░░░░░ 64.0% (744/930)
Android ./index.js ▓▓▓▓▓▓▓▓▓▓▓▓▓░░░ 87.0% (1120/1201)
Android ./index.js ▓▓▓▓▓▓▓▓▓▓▓▓▓▓░░ 88.4% (1343/1428)
Android Bundled 21220ms index.js (1656 modules)
Android ./index.js ▓▓▓▓▓▓▓▓▓▓▓▓▓▓▓░ 99.9% (1656/1656)
 ERROR  expo-notifications: Android Push notifications (remote notifications) functionality provided by expo-notifications was removed from Expo Go with the release of SDK 53. Use a development build instead of Expo Go. Read more at https://docs.expo.dev/develop/development-builds/introduction/.
 WARN  `expo-notifications` functionality is not fully supported in Expo Go:
We recommend you instead use a development build to avoid limitations. Learn more: https://expo.fyi/dev-client.
 WARN  setLayoutAnimationEnabledExperimental is currently a no-op in the New Architecture.
 WARN  Method writeAsStringAsync imported from "expo-file-system" is deprecated.
You can migrate to the new filesystem API using "File" and "Directory" classes or import the legacy API from "expo-file-system/legacy".
API reference and examples are available in the filesystem docs: https://docs.expo.dev/versions/v54.0.0/sdk/filesystem/
 LOG  [ChallengeList][readOrderMap] -> {}
 LOG  [ChallengeList][normalizeWithOrder]
 LOG    mode=respectMap activeKnownIds : []
 LOG    mode=respectMap activeUnknownIds: []
 LOG    arrangedIds    : []
 LOG    newOrderMap    : {}
 LOG  [ChallengeList][load] rawIds= []
 LOG  [ChallengeList][load] arrangedIds= []
 LOG  [ChallengeList][writeOrderMap] saved: {}
 LOG  [ChallengeList][blur] snapshotIds= []
 LOG  [ChallengeList][readOrderMap] -> {}
 LOG  [ChallengeList][normalizeWithOrder]
 LOG    mode=respectArray activeInArrOrder: []
 LOG    arrangedIds    : []
 LOG    newOrderMap    : {}
 LOG  [ChallengeList][persistChallenges:blur] saved arrangedIds= []
 LOG  [ChallengeList][persistChallenges] orderMap= {}
 LOG  [ChallengeList][readOrderMap] -> {}
 LOG  [ChallengeList][normalizeWithOrder]
 LOG    mode=respectMap activeKnownIds : []
 LOG    mode=respectMap activeUnknownIds: []
 LOG    arrangedIds    : []
 LOG    newOrderMap    : {}
 LOG  [ChallengeList][load] rawIds= []
 LOG  [ChallengeList][load] arrangedIds= []
 LOG  [ChallengeList][writeOrderMap] saved: {}
 LOG  [ChallengeList][blur] snapshotIds= []
 LOG  [ChallengeList][readOrderMap] -> {}
 LOG  [ChallengeList][normalizeWithOrder]
 LOG    mode=respectArray activeInArrOrder: []
 LOG    arrangedIds    : []
 LOG    newOrderMap    : {}
 LOG  [ChallengeList][persistChallenges:blur] saved arrangedIds= []
 LOG  [ChallengeList][persistChallenges] orderMap= {}
 LOG  [ChallengeStore] upserted: ch_1777367024482
 LOG  [ChallengeStore] cancel schedules start: ch_1777367024482
 LOG  [ChallengeStore] cancel schedules done: ch_1777367024482
 LOG  [ChallengeStore] register schedules start: ch_1777367024482
 LOG  [ChallengeStore] register schedules done: ch_1777367024482
 LOG  [ChallengeList][readOrderMap] -> {}
 LOG  [ChallengeList][normalizeWithOrder]
 LOG    mode=respectMap activeKnownIds : []
 LOG    mode=respectMap activeUnknownIds: ["ch_1777367024482"]
 LOG    arrangedIds    : ["A:ch_1777367024482"]
 LOG    newOrderMap    : {"ch_1777367024482": 0}
 LOG  [ChallengeList][load] rawIds= ["ch_1777367024482", "ch_1777367024482"]
 LOG  [ChallengeList][load] arrangedIds= ["A:ch_1777367024482"]
 LOG  [ChallengeList][writeOrderMap] saved: {"ch_1777367024482": 0}
 LOG  [Reorder] measureInWindow x: 16 y: 74.28570556640625 width: 312.3809509277344 height: 222.85714721679688 insets.top: 32.380950927734375
 LOG  [ChallengeList][enterReorder] id= ch_1777367024482
 LOG  [ChallengeList][onDelete] nextArrIds= []
 LOG  [ChallengeList][readOrderMap] -> {"ch_1777367024482": 0}
 LOG  [ChallengeList][normalizeWithOrder]
 LOG    mode=respectArray activeInArrOrder: []
 LOG    arrangedIds    : []
 LOG    newOrderMap    : {}
 LOG  [ChallengeList][persistChallenges:delete] saved arrangedIds= []
 LOG  [ChallengeList][persistChallenges] orderMap= {}
 LOG  [ChallengeList][finalizeReorder] snapshotIds= []
 LOG  [ChallengeList][readOrderMap] -> {}
 LOG  [ChallengeList][normalizeWithOrder]
 LOG    mode=respectArray activeInArrOrder: []
 LOG    arrangedIds    : []
 LOG    newOrderMap    : {}
 LOG  [ChallengeList][persistChallenges:finalize] saved arrangedIds= []
 LOG  [ChallengeList][persistChallenges] orderMap= {}
 LOG  [ChallengeList][blur] snapshotIds= []
 LOG  [ChallengeList][readOrderMap] -> {}
 LOG  [ChallengeList][normalizeWithOrder]
 LOG    mode=respectArray activeInArrOrder: []
 LOG    arrangedIds    : []
 LOG    newOrderMap    : {}
 LOG  [ChallengeList][persistChallenges:blur] saved arrangedIds= []
 LOG  [ChallengeList][persistChallenges] orderMap= {}
 LOG  [ChallengeList][readOrderMap] -> {}
 LOG  [ChallengeList][normalizeWithOrder]
 LOG    mode=respectMap activeKnownIds : []
 LOG    mode=respectMap activeUnknownIds: ["ch_1777367024482"]
 LOG    arrangedIds    : ["A:ch_1777367024482"]
 LOG    newOrderMap    : {"ch_1777367024482": 0}
 LOG  [ChallengeList][load] rawIds= ["ch_1777367024482"]
 LOG  [ChallengeList][load] arrangedIds= ["A:ch_1777367024482"]
 LOG  [ChallengeList][writeOrderMap] saved: {"ch_1777367024482": 0}
 LOG  [Reorder] measureInWindow x: 16 y: 74.28570556640625 width: 312.3809509277344 height: 222.85714721679688 insets.top: 32.380950927734375
 LOG  [ChallengeList][enterReorder] id= ch_1777367024482
 LOG  [ChallengeList][finalizeReorder] snapshotIds= ["A:ch_1777367024482"]
 LOG  [ChallengeList][readOrderMap] -> {"ch_1777367024482": 0}
 LOG  [ChallengeList][normalizeWithOrder]
 LOG    mode=respectArray activeInArrOrder: ["ch_1777367024482"]
 LOG    arrangedIds    : ["A:ch_1777367024482"]
 LOG    newOrderMap    : {"ch_1777367024482": 0}
 LOG  [ChallengeList][persistChallenges:finalize] saved arrangedIds= ["A:ch_1777367024482"]
 LOG  [ChallengeList][persistChallenges] orderMap= {"ch_1777367024482": 0}
 LOG  [ChallengeList][blur] snapshotIds= ["A:ch_1777367024482"]
 LOG  [ChallengeList][readOrderMap] -> {"ch_1777367024482": 0}
 LOG  [ChallengeList][normalizeWithOrder]
 LOG    mode=respectArray activeInArrOrder: ["ch_1777367024482"]
 LOG    arrangedIds    : ["A:ch_1777367024482"]
 LOG    newOrderMap    : {"ch_1777367024482": 0}
 LOG  [ChallengeList][persistChallenges:blur] saved arrangedIds= ["A:ch_1777367024482"]
 LOG  [ChallengeList][persistChallenges] orderMap= {"ch_1777367024482": 0}
 WARN  Method deleteAsync imported from "expo-file-system" is deprecated.
You can migrate to the new filesystem API using "File" and "Directory" classes or import the legacy API from "expo-file-system/legacy".
API reference and examples are available in the filesystem docs: https://docs.expo.dev/versions/v54.0.0/sdk/filesystem/
 WARN  Method deleteAsync imported from "expo-file-system" is deprecated.
You can migrate to the new filesystem API using "File" and "Directory" classes or import the legacy API from "expo-file-system/legacy".
API reference and examples are available in the filesystem docs: https://docs.expo.dev/versions/v54.0.0/sdk/filesystem/
 LOG  [ChallengeList][readOrderMap] -> {"ch_1777367024482": 0}
 LOG  [ChallengeList][normalizeWithOrder]
 LOG    mode=respectMap activeKnownIds : ["ch_1777367024482"]
 LOG    mode=respectMap activeUnknownIds: []
 LOG    arrangedIds    : ["A:ch_1777367024482"]
 LOG    newOrderMap    : {"ch_1777367024482": 0}
 LOG  [ChallengeList][load] rawIds= ["ch_1777367024482"]
 LOG  [ChallengeList][load] arrangedIds= ["A:ch_1777367024482"]
 LOG  [ChallengeList][writeOrderMap] saved: {"ch_1777367024482": 0}
 LOG  [Reorder] measureInWindow x: 16 y: 74.28570556640625 width: 312.3809509277344 height: 222.85714721679688 insets.top: 32.380950927734375
 LOG  [ChallengeList][enterReorder] id= ch_1777367024482
 LOG  [ChallengeList][finalizeReorder] snapshotIds= ["A:ch_1777367024482"]
 LOG  [ChallengeList][readOrderMap] -> {"ch_1777367024482": 0}
 LOG  [ChallengeList][normalizeWithOrder]
 LOG    mode=respectArray activeInArrOrder: ["ch_1777367024482"]
 LOG    arrangedIds    : ["A:ch_1777367024482"]
 LOG    newOrderMap    : {"ch_1777367024482": 0}
 LOG  [ChallengeList][persistChallenges:finalize] saved arrangedIds= ["A:ch_1777367024482"]
 LOG  [ChallengeList][persistChallenges] orderMap= {"ch_1777367024482": 0}
 LOG  [Reorder] measureInWindow x: 16 y: 74.28570556640625 width: 312.3809509277344 height: 222.85714721679688 insets.top: 32.380950927734375
 LOG  [ChallengeList][enterReorder] id= ch_1777367024482
 LOG  [ChallengeList][finalizeReorder] snapshotIds= ["A:ch_1777367024482"]
 LOG  [ChallengeList][readOrderMap] -> {"ch_1777367024482": 0}
 LOG  [ChallengeList][normalizeWithOrder]
 LOG    mode=respectArray activeInArrOrder: ["ch_1777367024482"]
 LOG    arrangedIds    : ["A:ch_1777367024482"]
 LOG    newOrderMap    : {"ch_1777367024482": 0}
 LOG  [ChallengeList][persistChallenges:finalize] saved arrangedIds= ["A:ch_1777367024482"]
 LOG  [ChallengeList][persistChallenges] orderMap= {"ch_1777367024482": 0}
 LOG  [Reorder] measureInWindow x: 16 y: 74.28570556640625 width: 312.3809509277344 height: 222.85714721679688 insets.top: 32.380950927734375
 LOG  [ChallengeList][enterReorder] id= ch_1777367024482
 LOG  [ChallengeList][onDuplicate] nextArrIds= ["A:ch_1777367062345", "A:ch_1777367024482"]
 LOG  [ChallengeList][finalizeReorder] snapshotIds= ["A:ch_1777367024482"]
 LOG  [ChallengeList][readOrderMap] -> {"ch_1777367024482": 0}
 LOG  [ChallengeList][normalizeWithOrder]
 LOG    mode=respectArray activeInArrOrder: ["ch_1777367024482"]
 LOG    arrangedIds    : ["A:ch_1777367024482"]
 LOG    newOrderMap    : {"ch_1777367024482": 0}
 LOG  [ChallengeList][readOrderMap] -> {"ch_1777367024482": 0}
 LOG  [ChallengeList][normalizeWithOrder]
 LOG    mode=respectArray activeInArrOrder: ["ch_1777367062345", "ch_1777367024482"]
 LOG    arrangedIds    : ["A:ch_1777367062345", "A:ch_1777367024482"]
 LOG    newOrderMap    : {"ch_1777367024482": 1, "ch_1777367062345": 0}
 LOG  [ChallengeList][persistChallenges:finalize] saved arrangedIds= ["A:ch_1777367024482"]
 LOG  [ChallengeList][persistChallenges] orderMap= {"ch_1777367024482": 0}
 LOG  [ChallengeList][persistChallenges:duplicate] saved arrangedIds= ["A:ch_1777367062345", "A:ch_1777367024482"]
 LOG  [ChallengeList][persistChallenges] orderMap= {"ch_1777367024482": 1, "ch_1777367062345": 0}
 LOG  [ChallengeList][blur] snapshotIds= ["A:ch_1777367062345", "A:ch_1777367024482"]
 LOG  [ChallengeList][readOrderMap] -> {"ch_1777367024482": 1, "ch_1777367062345": 0}
 LOG  [ChallengeList][normalizeWithOrder]
 LOG    mode=respectArray activeInArrOrder: ["ch_1777367062345", "ch_1777367024482"]
 LOG    arrangedIds    : ["A:ch_1777367062345", "A:ch_1777367024482"]
 LOG    newOrderMap    : {"ch_1777367024482": 1, "ch_1777367062345": 0}
 LOG  [ChallengeList][persistChallenges:blur] saved arrangedIds= ["A:ch_1777367062345", "A:ch_1777367024482"]
 LOG  [ChallengeList][persistChallenges] orderMap= {"ch_1777367024482": 1, "ch_1777367062345": 0}
 WARN  Method deleteAsync imported from "expo-file-system" is deprecated.
You can migrate to the new filesystem API using "File" and "Directory" classes or import the legacy API from "expo-file-system/legacy".
API reference and examples are available in the filesystem docs: https://docs.expo.dev/versions/v54.0.0/sdk/filesystem/
 WARN  Method deleteAsync imported from "expo-file-system" is deprecated.
You can migrate to the new filesystem API using "File" and "Directory" classes or import the legacy API from "expo-file-system/legacy".
API reference and examples are available in the filesystem docs: https://docs.expo.dev/versions/v54.0.0/sdk/filesystem/
 LOG  [ChallengeList][readOrderMap] -> {"ch_1777367024482": 1, "ch_1777367062345": 0}
 LOG  [ChallengeList][normalizeWithOrder]
 LOG    mode=respectMap activeKnownIds : ["ch_1777367062345", "ch_1777367024482"]
 LOG    mode=respectMap activeUnknownIds: []
 LOG    arrangedIds    : ["A:ch_1777367062345", "A:ch_1777367024482"]
 LOG    newOrderMap    : {"ch_1777367024482": 1, "ch_1777367062345": 0}
 LOG  [ChallengeList][load] rawIds= ["ch_1777367062345", "ch_1777367024482"]
 LOG  [ChallengeList][load] arrangedIds= ["A:ch_1777367062345", "A:ch_1777367024482"]
 LOG  [ChallengeList][writeOrderMap] saved: {"ch_1777367024482": 1, "ch_1777367062345": 0}
Android ./index.js ░░░░░░░░░░░░░░░░  0.0% (0/1)
Android Bundled 93ms index.js (1 module)
 ERROR  expo-notifications: Android Push notifications (remote notifications) functionality provided by expo-notifications was removed from Expo Go with the release of SDK 53. Use a development build instead of Expo Go. Read more at https://docs.expo.dev/develop/development-builds/introduction/.
 WARN  `expo-notifications` functionality is not fully supported in Expo Go:
We recommend you instead use a development build to avoid limitations. Learn more: https://expo.fyi/dev-client.
 WARN  setLayoutAnimationEnabledExperimental is currently a no-op in the New Architecture.
 WARN  Method writeAsStringAsync imported from "expo-file-system" is deprecated.
You can migrate to the new filesystem API using "File" and "Directory" classes or import the legacy API from "expo-file-system/legacy".
API reference and examples are available in the filesystem docs: https://docs.expo.dev/versions/v54.0.0/sdk/filesystem/
 LOG  [ChallengeList][readOrderMap] -> {"ch_1777367024482": 0}
 LOG  [ChallengeList][normalizeWithOrder]
 LOG    mode=respectMap activeKnownIds : ["ch_1777367024482"]
 LOG    mode=respectMap activeUnknownIds: []
 LOG    arrangedIds    : ["A:ch_1777367024482"]
 LOG    newOrderMap    : {"ch_1777367024482": 0}
 LOG  [ChallengeList][load] rawIds= ["ch_1777367024482"]
 LOG  [ChallengeList][load] arrangedIds= ["A:ch_1777367024482"]
 LOG  [ChallengeList][writeOrderMap] saved: {"ch_1777367024482": 0}
 LOG  [ChallengeList][blur] snapshotIds= ["A:ch_1777367024482"]
 LOG  [ChallengeList][readOrderMap] -> {"ch_1777367024482": 0}
 LOG  [ChallengeList][normalizeWithOrder]
 LOG    mode=respectArray activeInArrOrder: ["ch_1777367024482"]
 LOG    arrangedIds    : ["A:ch_1777367024482"]
 LOG    newOrderMap    : {"ch_1777367024482": 0}
 LOG  [ChallengeList][persistChallenges:blur] saved arrangedIds= ["A:ch_1777367024482"]
 LOG  [ChallengeList][persistChallenges] orderMap= {"ch_1777367024482": 0}
 WARN  Method deleteAsync imported from "expo-file-system" is deprecated.
You can migrate to the new filesystem API using "File" and "Directory" classes or import the legacy API from "expo-file-system/legacy".
API reference and examples are available in the filesystem docs: https://docs.expo.dev/versions/v54.0.0/sdk/filesystem/
 WARN  Method deleteAsync imported from "expo-file-system" is deprecated.
You can migrate to the new filesystem API using "File" and "Directory" classes or import the legacy API from "expo-file-system/legacy".
API reference and examples are available in the filesystem docs: https://docs.expo.dev/versions/v54.0.0/sdk/filesystem/
 LOG  [ChallengeList][readOrderMap] -> {"ch_1777367024482": 0}
 LOG  [ChallengeList][normalizeWithOrder]
 LOG    mode=respectMap activeKnownIds : ["ch_1777367024482"]
 LOG    mode=respectMap activeUnknownIds: []
 LOG    arrangedIds    : ["A:ch_1777367024482"]
 LOG    newOrderMap    : {"ch_1777367024482": 0}
 LOG  [ChallengeList][load] rawIds= ["ch_1777367024482"]
 LOG  [ChallengeList][load] arrangedIds= ["A:ch_1777367024482"]
 LOG  [ChallengeList][writeOrderMap] saved: {"ch_1777367024482": 0}
 LOG  [ChallengeList][blur] snapshotIds= ["A:ch_1777367024482"]
 LOG  [ChallengeList][readOrderMap] -> {"ch_1777367024482": 0}
 LOG  [ChallengeList][normalizeWithOrder]
 LOG    mode=respectArray activeInArrOrder: ["ch_1777367024482"]
 LOG    arrangedIds    : ["A:ch_1777367024482"]
 LOG    newOrderMap    : {"ch_1777367024482": 0}
 LOG  [ChallengeList][persistChallenges:blur] saved arrangedIds= ["A:ch_1777367024482"]
 LOG  [ChallengeList][persistChallenges] orderMap= {"ch_1777367024482": 0}
Android ./index.js ░░░░░░░░░░░░░░░░  0.0% (0/1)
Android Bundled 82ms index.js (1 module)
Android ./index.js ░░░░░░░░░░░░░░░░  0.0% (0/1)
Android Bundled 82ms index.js (1 module)
 ERROR  expo-notifications: Android Push notifications (remote notifications) functionality provided by expo-notifications was removed from Expo Go with the release of SDK 53. Use a development build instead of Expo Go. Read more at https://docs.expo.dev/develop/development-builds/introduction/.
 WARN  `expo-notifications` functionality is not fully supported in Expo Go:
We recommend you instead use a development build to avoid limitations. Learn more: https://expo.fyi/dev-client.
 WARN  setLayoutAnimationEnabledExperimental is currently a no-op in the New Architecture.
 WARN  Method writeAsStringAsync imported from "expo-file-system" is deprecated.
You can migrate to the new filesystem API using "File" and "Directory" classes or import the legacy API from "expo-file-system/legacy".
API reference and examples are available in the filesystem docs: https://docs.expo.dev/versions/v54.0.0/sdk/filesystem/
 LOG  [ChallengeList][readOrderMap] -> {"ch_1777367024482": 0}
 LOG  [ChallengeList][normalizeWithOrder]
 LOG    mode=respectMap activeKnownIds : ["ch_1777367024482"]
 LOG    mode=respectMap activeUnknownIds: []
 LOG    arrangedIds    : ["A:ch_1777367024482"]
 LOG    newOrderMap    : {"ch_1777367024482": 0}
 LOG  [ChallengeList][load] rawIds= ["ch_1777367024482"]
 LOG  [ChallengeList][load] arrangedIds= ["A:ch_1777367024482"]
 LOG  [ChallengeList][writeOrderMap] saved: {"ch_1777367024482": 0}
 LOG  [ChallengeList][blur] snapshotIds= ["A:ch_1777367024482"]
 LOG  [ChallengeList][readOrderMap] -> {"ch_1777367024482": 0}
 LOG  [ChallengeList][normalizeWithOrder]
 LOG    mode=respectArray activeInArrOrder: ["ch_1777367024482"]
 LOG    arrangedIds    : ["A:ch_1777367024482"]
 LOG    newOrderMap    : {"ch_1777367024482": 0}
 LOG  [ChallengeList][persistChallenges:blur] saved arrangedIds= ["A:ch_1777367024482"]
 LOG  [ChallengeList][persistChallenges] orderMap= {"ch_1777367024482": 0}
 LOG  [ChallengeList][readOrderMap] -> {"ch_1777367024482": 0}
 LOG  [ChallengeList][normalizeWithOrder]
 LOG    mode=respectMap activeKnownIds : ["ch_1777367024482"]
 LOG    mode=respectMap activeUnknownIds: []
 LOG    arrangedIds    : ["A:ch_1777367024482"]
 LOG    newOrderMap    : {"ch_1777367024482": 0}
 LOG  [ChallengeList][load] rawIds= ["ch_1777367024482"]
 LOG  [ChallengeList][load] arrangedIds= ["A:ch_1777367024482"]
 LOG  [ChallengeList][writeOrderMap] saved: {"ch_1777367024482": 0}
 LOG  [Reorder] measureInWindow x: 16 y: 74.28570556640625 width: 312.3809509277344 height: 222.85714721679688 insets.top: 32.380950927734375
 LOG  [ChallengeList][enterReorder] id= ch_1777367024482
 LOG  [ChallengeList][finalizeReorder] snapshotIds= ["A:ch_1777367024482"]
 LOG  [ChallengeList][readOrderMap] -> {"ch_1777367024482": 0}
 LOG  [ChallengeList][normalizeWithOrder]
 LOG    mode=respectArray activeInArrOrder: ["ch_1777367024482"]
 LOG    arrangedIds    : ["A:ch_1777367024482"]
 LOG    newOrderMap    : {"ch_1777367024482": 0}
 LOG  [ChallengeList][persistChallenges:finalize] saved arrangedIds= ["A:ch_1777367024482"]
 LOG  [ChallengeList][persistChallenges] orderMap= {"ch_1777367024482": 0}
 LOG  [Reorder] measureInWindow x: 16 y: 74.28570556640625 width: 312.3809509277344 height: 222.85714721679688 insets.top: 32.380950927734375
 LOG  [ChallengeList][enterReorder] id= ch_1777367024482
 LOG  [ChallengeList][onDuplicate] nextArrIds= ["A:ch_1777375798233", "A:ch_1777367024482"]
 LOG  [ChallengeList][finalizeReorder] snapshotIds= ["A:ch_1777367024482"]
 LOG  [ChallengeList][readOrderMap] -> {"ch_1777367024482": 0}
 LOG  [ChallengeList][normalizeWithOrder]
 LOG    mode=respectArray activeInArrOrder: ["ch_1777367024482"]
 LOG    arrangedIds    : ["A:ch_1777367024482"]
 LOG    newOrderMap    : {"ch_1777367024482": 0}
 LOG  [ChallengeList][readOrderMap] -> {"ch_1777367024482": 0}
 LOG  [ChallengeList][normalizeWithOrder]
 LOG    mode=respectArray activeInArrOrder: ["ch_1777375798233", "ch_1777367024482"]
 LOG    arrangedIds    : ["A:ch_1777375798233", "A:ch_1777367024482"]
 LOG    newOrderMap    : {"ch_1777367024482": 1, "ch_1777375798233": 0}
 LOG  [ChallengeList][persistChallenges:finalize] saved arrangedIds= ["A:ch_1777367024482"]
 LOG  [ChallengeList][persistChallenges] orderMap= {"ch_1777367024482": 0}
 LOG  [ChallengeList][persistChallenges:duplicate] saved arrangedIds= ["A:ch_1777375798233", "A:ch_1777367024482"]
 LOG  [ChallengeList][persistChallenges] orderMap= {"ch_1777367024482": 1, "ch_1777375798233": 0}
 LOG  [Reorder] measureInWindow x: 16 y: 74.28570556640625 width: 312.3809509277344 height: 222.85714721679688 insets.top: 32.380950927734375
 LOG  [ChallengeList][enterReorder] id= ch_1777375798233
 LOG  [ChallengeList][onDelete] nextArrIds= ["A:ch_1777367024482"]
 LOG  [ChallengeList][readOrderMap] -> {"ch_1777367024482": 1, "ch_1777375798233": 0}
 LOG  [ChallengeList][normalizeWithOrder]
 LOG    mode=respectArray activeInArrOrder: ["ch_1777367024482"]
 LOG    arrangedIds    : ["A:ch_1777367024482"]
 LOG    newOrderMap    : {"ch_1777367024482": 0}
 LOG  [ChallengeList][persistChallenges:delete] saved arrangedIds= ["A:ch_1777367024482"]
 LOG  [ChallengeList][persistChallenges] orderMap= {"ch_1777367024482": 0}
 LOG  [ChallengeList][finalizeReorder] snapshotIds= ["A:ch_1777367024482"]
 LOG  [ChallengeList][readOrderMap] -> {"ch_1777367024482": 0}
 LOG  [ChallengeList][normalizeWithOrder]
 LOG    mode=respectArray activeInArrOrder: ["ch_1777367024482"]
 LOG    arrangedIds    : ["A:ch_1777367024482"]
 LOG    newOrderMap    : {"ch_1777367024482": 0}
 LOG  [ChallengeList][persistChallenges:finalize] saved arrangedIds= ["A:ch_1777367024482"]
 LOG  [ChallengeList][persistChallenges] orderMap= {"ch_1777367024482": 0}
 LOG  [ChallengeList][blur] snapshotIds= ["A:ch_1777367024482"]
 LOG  [ChallengeList][readOrderMap] -> {"ch_1777367024482": 0}
 LOG  [ChallengeList][normalizeWithOrder]
 LOG    mode=respectArray activeInArrOrder: ["ch_1777367024482"]
 LOG    arrangedIds    : ["A:ch_1777367024482"]
 LOG    newOrderMap    : {"ch_1777367024482": 0}
 LOG  [ChallengeList][persistChallenges:blur] saved arrangedIds= ["A:ch_1777367024482"]
 LOG  [ChallengeList][persistChallenges] orderMap= {"ch_1777367024482": 0}
