Starting project at /home/hwi/challenge-app
Starting Metro Bundler
Tunnel connected.
Tunnel ready.
Waiting on http://localhost:8081
Logs for your project will appear below.
Android ./index.js ░░░░░░░░░░░░░░░░  0.0% (0/1)
Android ./index.js ▓▓▓░░░░░░░░░░░░░ 22.6% (147/309)
Android ./index.js ▓▓▓▓▓▓░░░░░░░░░░ 39.2% (400/670)
Android ./index.js ▓▓▓▓▓▓▓▓▓▓░░░░░░ 63.0% (736/927)
Android ./index.js ▓▓▓▓▓▓▓▓▓▓▓▓▓░░░ 87.4% (1134/1243)
Android ./index.js ▓▓▓▓▓▓▓▓▓▓▓▓▓░░░ 87.4% (1350/1446)
Android Bundled 20773ms index.js (1648 modules)
 ERROR  expo-notifications: Android Push notifications (remote notifications) functionality provided by expo-notifications was removed from Expo Go with the release of SDK 53. Use a development build instead of Expo Go. Read more at https://docs.expo.dev/develop/development-builds/introduction/.
 WARN  `expo-notifications` functionality is not fully supported in Expo Go:
We recommend you instead use a development build to avoid limitations. Learn more: https://expo.fyi/dev-client.
 WARN  setLayoutAnimationEnabledExperimental is currently a no-op in the New Architecture.
 WARN  Method writeAsStringAsync imported from "expo-file-system" is deprecated.
You can migrate to the new filesystem API using "File" and "Directory" classes or import the legacy API from "expo-file-system/legacy".
API reference and examples are available in the filesystem docs: https://docs.expo.dev/versions/v54.0.0/sdk/filesystem/
 WARN  Method writeAsStringAsync imported from "expo-file-system" is deprecated.
You can migrate to the new filesystem API using "File" and "Directory" classes or import the legacy API from "expo-file-system/legacy".
API reference and examples are available in the filesystem docs: https://docs.expo.dev/versions/v54.0.0/sdk/filesystem/
 WARN  [WidgetSync] writeChallengeList fail: Cannot read property 'UTF8' of undefined
 LOG  [ChallengeList][readOrderMap] -> {"ch_1776524413262": 0}
 LOG  [ChallengeList][normalizeWithOrder]
 LOG    mode=respectMap activeKnownIds : ["ch_1776524413262"]
 LOG    mode=respectMap activeUnknownIds: []
 LOG    arrangedIds    : ["A:ch_1776524413262"]
 LOG    newOrderMap    : {"ch_1776524413262": 0}
 LOG  [ChallengeList][load] rawIds= ["ch_1776524413262"]
 LOG  [ChallengeList][load] arrangedIds= ["A:ch_1776524413262"]
 LOG  [ChallengeList][writeOrderMap] saved: {"ch_1776524413262": 0}
 LOG  [ChallengeList][blur] snapshotIds= ["A:ch_1776524413262"]
 LOG  [ChallengeList][readOrderMap] -> {"ch_1776524413262": 0}
 LOG  [ChallengeList][normalizeWithOrder]
 LOG    mode=respectArray activeInArrOrder: ["ch_1776524413262"]
 LOG    arrangedIds    : ["A:ch_1776524413262"]
 LOG    newOrderMap    : {"ch_1776524413262": 0}
 WARN  Method writeAsStringAsync imported from "expo-file-system" is deprecated.
You can migrate to the new filesystem API using "File" and "Directory" classes or import the legacy API from "expo-file-system/legacy".
API reference and examples are available in the filesystem docs: https://docs.expo.dev/versions/v54.0.0/sdk/filesystem/
 WARN  [WidgetSync] writeChallengeList fail: Cannot read property 'UTF8' of undefined
 LOG  [ChallengeList][persistChallenges:blur] saved arrangedIds= ["A:ch_1776524413262"]
 LOG  [ChallengeList][persistChallenges] orderMap= {"ch_1776524413262": 0}
 LOG  [ChallengeList][readOrderMap] -> {"ch_1776524413262": 0}
 LOG  [ChallengeList][normalizeWithOrder]
 LOG    mode=respectMap activeKnownIds : ["ch_1776524413262"]
 LOG    mode=respectMap activeUnknownIds: []
 LOG    arrangedIds    : ["A:ch_1776524413262"]
 LOG    newOrderMap    : {"ch_1776524413262": 0}
 LOG  [ChallengeList][load] rawIds= ["ch_1776524413262"]
 LOG  [ChallengeList][load] arrangedIds= ["A:ch_1776524413262"]
 LOG  [ChallengeList][writeOrderMap] saved: {"ch_1776524413262": 0}
 LOG  [ChallengeList][blur] snapshotIds= ["A:ch_1776524413262"]
 LOG  [ChallengeList][readOrderMap] -> {"ch_1776524413262": 0}
 LOG  [ChallengeList][normalizeWithOrder]
 LOG    mode=respectArray activeInArrOrder: ["ch_1776524413262"]
 LOG    arrangedIds    : ["A:ch_1776524413262"]
 LOG    newOrderMap    : {"ch_1776524413262": 0}
 WARN  Method writeAsStringAsync imported from "expo-file-system" is deprecated.
You can migrate to the new filesystem API using "File" and "Directory" classes or import the legacy API from "expo-file-system/legacy".
API reference and examples are available in the filesystem docs: https://docs.expo.dev/versions/v54.0.0/sdk/filesystem/
 WARN  [WidgetSync] writeChallengeList fail: Cannot read property 'UTF8' of undefined
 LOG  [ChallengeList][persistChallenges:blur] saved arrangedIds= ["A:ch_1776524413262"]
 LOG  [ChallengeList][persistChallenges] orderMap= {"ch_1776524413262": 0}
 LOG  [ChallengeList][readOrderMap] -> {"ch_1776524413262": 0}
 LOG  [ChallengeList][normalizeWithOrder]
 LOG    mode=respectMap activeKnownIds : ["ch_1776524413262"]
 LOG    mode=respectMap activeUnknownIds: []
 LOG    arrangedIds    : ["A:ch_1776524413262"]
 LOG    newOrderMap    : {"ch_1776524413262": 0}
 LOG  [ChallengeList][load] rawIds= ["ch_1776524413262"]
 LOG  [ChallengeList][load] arrangedIds= ["A:ch_1776524413262"]
 LOG  [ChallengeList][writeOrderMap] saved: {"ch_1776524413262": 0}
 LOG  [AD_INTERSTITIAL_PLACEHOLDER] 전면광고 표시 위치
 LOG  [ChallengeList][blur] snapshotIds= ["A:ch_1776524413262"]
 LOG  [ChallengeList][readOrderMap] -> {"ch_1776524413262": 0}
 LOG  [ChallengeList][normalizeWithOrder]
 LOG    mode=respectArray activeInArrOrder: ["ch_1776524413262"]
 LOG    arrangedIds    : ["A:ch_1776524413262"]
 LOG    newOrderMap    : {"ch_1776524413262": 0}
 WARN  Method writeAsStringAsync imported from "expo-file-system" is deprecated.
You can migrate to the new filesystem API using "File" and "Directory" classes or import the legacy API from "expo-file-system/legacy".
API reference and examples are available in the filesystem docs: https://docs.expo.dev/versions/v54.0.0/sdk/filesystem/
 WARN  Method getInfoAsync imported from "expo-file-system" is deprecated.
You can migrate to the new filesystem API using "File" and "Directory" classes or import the legacy API from "expo-file-system/legacy".
API reference and examples are available in the filesystem docs: https://docs.expo.dev/versions/v54.0.0/sdk/filesystem/
 WARN  Method copyAsync imported from "expo-file-system" is deprecated.
You can migrate to the new filesystem API using "File" and "Directory" classes or import the legacy API from "expo-file-system/legacy".
API reference and examples are available in the filesystem docs: https://docs.expo.dev/versions/v54.0.0/sdk/filesystem/
 WARN  [WidgetDonutCapture1x1] capture fail: Method copyAsync imported from "expo-file-system" is deprecated.
You can migrate to the new filesystem API using "File" and "Directory" classes or import the legacy API from "expo-file-system/legacy".
API reference and examples are available in the filesystem docs: https://docs.expo.dev/versions/v54.0.0/sdk/filesystem/
 WARN  Method writeAsStringAsync imported from "expo-file-system" is deprecated.
You can migrate to the new filesystem API using "File" and "Directory" classes or import the legacy API from "expo-file-system/legacy".
API reference and examples are available in the filesystem docs: https://docs.expo.dev/versions/v54.0.0/sdk/filesystem/
 WARN  [WidgetSync] writeChallengeList fail: Cannot read property 'UTF8' of undefined
 LOG  [ChallengeList][persistChallenges:blur] saved arrangedIds= ["A:ch_1776524413262"]
 LOG  [ChallengeList][persistChallenges] orderMap= {"ch_1776524413262": 0}
 WARN  Method writeAsStringAsync imported from "expo-file-system" is deprecated.
You can migrate to the new filesystem API using "File" and "Directory" classes or import the legacy API from "expo-file-system/legacy".
API reference and examples are available in the filesystem docs: https://docs.expo.dev/versions/v54.0.0/sdk/filesystem/
 WARN  Method getInfoAsync imported from "expo-file-system" is deprecated.
You can migrate to the new filesystem API using "File" and "Directory" classes or import the legacy API from "expo-file-system/legacy".
API reference and examples are available in the filesystem docs: https://docs.expo.dev/versions/v54.0.0/sdk/filesystem/
 WARN  Method copyAsync imported from "expo-file-system" is deprecated.
You can migrate to the new filesystem API using "File" and "Directory" classes or import the legacy API from "expo-file-system/legacy".
API reference and examples are available in the filesystem docs: https://docs.expo.dev/versions/v54.0.0/sdk/filesystem/
 WARN  [WidgetDonutCapture1x1] capture fail: Method copyAsync imported from "expo-file-system" is deprecated.
You can migrate to the new filesystem API using "File" and "Directory" classes or import the legacy API from "expo-file-system/legacy".
API reference and examples are available in the filesystem docs: https://docs.expo.dev/versions/v54.0.0/sdk/filesystem/
 LOG  [ChallengeList][readOrderMap] -> {"ch_1776524413262": 0}
 LOG  [ChallengeList][normalizeWithOrder]
 LOG    mode=respectMap activeKnownIds : ["ch_1776524413262"]
 LOG    mode=respectMap activeUnknownIds: []
 LOG    arrangedIds    : ["A:ch_1776524413262"]
 LOG    newOrderMap    : {"ch_1776524413262": 0}
 LOG  [ChallengeList][load] rawIds= ["ch_1776524413262"]
 LOG  [ChallengeList][load] arrangedIds= ["A:ch_1776524413262"]
 LOG  [ChallengeList][writeOrderMap] saved: {"ch_1776524413262": 0}
 LOG  [ChallengeList][blur] snapshotIds= ["A:ch_1776524413262"]
 LOG  [ChallengeList][readOrderMap] -> {"ch_1776524413262": 0}
 LOG  [ChallengeList][normalizeWithOrder]
 LOG    mode=respectArray activeInArrOrder: ["ch_1776524413262"]
 LOG    arrangedIds    : ["A:ch_1776524413262"]
 LOG    newOrderMap    : {"ch_1776524413262": 0}
 WARN  Method writeAsStringAsync imported from "expo-file-system" is deprecated.
You can migrate to the new filesystem API using "File" and "Directory" classes or import the legacy API from "expo-file-system/legacy".
API reference and examples are available in the filesystem docs: https://docs.expo.dev/versions/v54.0.0/sdk/filesystem/
 WARN  [WidgetSync] writeChallengeList fail: Cannot read property 'UTF8' of undefined
 LOG  [ChallengeList][persistChallenges:blur] saved arrangedIds= ["A:ch_1776524413262"]
 LOG  [ChallengeList][persistChallenges] orderMap= {"ch_1776524413262": 0}
 WARN  Method writeAsStringAsync imported from "expo-file-system" is deprecated.
You can migrate to the new filesystem API using "File" and "Directory" classes or import the legacy API from "expo-file-system/legacy".
API reference and examples are available in the filesystem docs: https://docs.expo.dev/versions/v54.0.0/sdk/filesystem/
 WARN  Method getInfoAsync imported from "expo-file-system" is deprecated.
You can migrate to the new filesystem API using "File" and "Directory" classes or import the legacy API from "expo-file-system/legacy".
API reference and examples are available in the filesystem docs: https://docs.expo.dev/versions/v54.0.0/sdk/filesystem/
 WARN  Method copyAsync imported from "expo-file-system" is deprecated.
You can migrate to the new filesystem API using "File" and "Directory" classes or import the legacy API from "expo-file-system/legacy".
API reference and examples are available in the filesystem docs: https://docs.expo.dev/versions/v54.0.0/sdk/filesystem/
 WARN  [WidgetDonutCapture1x1] capture fail: Method copyAsync imported from "expo-file-system" is deprecated.
You can migrate to the new filesystem API using "File" and "Directory" classes or import the legacy API from "expo-file-system/legacy".
API reference and examples are available in the filesystem docs: https://docs.expo.dev/versions/v54.0.0/sdk/filesystem/
 LOG  [ChallengeList][readOrderMap] -> {"ch_1776524413262": 0}
 LOG  [ChallengeList][normalizeWithOrder]
 LOG    mode=respectMap activeKnownIds : ["ch_1776524413262"]
 LOG    mode=respectMap activeUnknownIds: []
 LOG    arrangedIds    : ["A:ch_1776524413262"]
 LOG    newOrderMap    : {"ch_1776524413262": 0}
 LOG  [ChallengeList][load] rawIds= ["ch_1776524413262"]
 LOG  [ChallengeList][load] arrangedIds= ["A:ch_1776524413262"]
 LOG  [ChallengeList][writeOrderMap] saved: {"ch_1776524413262": 0}
 LOG  [ChallengeList][blur] snapshotIds= ["A:ch_1776524413262"]
 LOG  [ChallengeList][readOrderMap] -> {"ch_1776524413262": 0}
 LOG  [ChallengeList][normalizeWithOrder]
 LOG    mode=respectArray activeInArrOrder: ["ch_1776524413262"]
 LOG    arrangedIds    : ["A:ch_1776524413262"]
 LOG    newOrderMap    : {"ch_1776524413262": 0}
 WARN  Method writeAsStringAsync imported from "expo-file-system" is deprecated.
You can migrate to the new filesystem API using "File" and "Directory" classes or import the legacy API from "expo-file-system/legacy".
API reference and examples are available in the filesystem docs: https://docs.expo.dev/versions/v54.0.0/sdk/filesystem/
 WARN  [WidgetSync] writeChallengeList fail: Cannot read property 'UTF8' of undefined
 LOG  [ChallengeList][persistChallenges:blur] saved arrangedIds= ["A:ch_1776524413262"]
 LOG  [ChallengeList][persistChallenges] orderMap= {"ch_1776524413262": 0}
 WARN  Method writeAsStringAsync imported from "expo-file-system" is deprecated.
You can migrate to the new filesystem API using "File" and "Directory" classes or import the legacy API from "expo-file-system/legacy".
API reference and examples are available in the filesystem docs: https://docs.expo.dev/versions/v54.0.0/sdk/filesystem/
 WARN  Method getInfoAsync imported from "expo-file-system" is deprecated.
You can migrate to the new filesystem API using "File" and "Directory" classes or import the legacy API from "expo-file-system/legacy".
API reference and examples are available in the filesystem docs: https://docs.expo.dev/versions/v54.0.0/sdk/filesystem/
 WARN  Method copyAsync imported from "expo-file-system" is deprecated.
You can migrate to the new filesystem API using "File" and "Directory" classes or import the legacy API from "expo-file-system/legacy".
API reference and examples are available in the filesystem docs: https://docs.expo.dev/versions/v54.0.0/sdk/filesystem/
 WARN  [WidgetDonutCapture1x1] capture fail: Method copyAsync imported from "expo-file-system" is deprecated.
You can migrate to the new filesystem API using "File" and "Directory" classes or import the legacy API from "expo-file-system/legacy".
API reference and examples are available in the filesystem docs: https://docs.expo.dev/versions/v54.0.0/sdk/filesystem/
 LOG  [ChallengeList][readOrderMap] -> {"ch_1776524413262": 0}
 LOG  [ChallengeList][normalizeWithOrder]
 LOG    mode=respectMap activeKnownIds : ["ch_1776524413262"]
 LOG    mode=respectMap activeUnknownIds: []
 LOG    arrangedIds    : ["A:ch_1776524413262"]
 LOG    newOrderMap    : {"ch_1776524413262": 0}
 LOG  [ChallengeList][load] rawIds= ["ch_1776524413262"]
 LOG  [ChallengeList][load] arrangedIds= ["A:ch_1776524413262"]
 LOG  [ChallengeList][writeOrderMap] saved: {"ch_1776524413262": 0}
 LOG  [ChallengeList][blur] snapshotIds= ["A:ch_1776524413262"]
 LOG  [ChallengeList][readOrderMap] -> {"ch_1776524413262": 0}
 LOG  [ChallengeList][normalizeWithOrder]
 LOG    mode=respectArray activeInArrOrder: ["ch_1776524413262"]
 LOG    arrangedIds    : ["A:ch_1776524413262"]
 LOG    newOrderMap    : {"ch_1776524413262": 0}
 WARN  Method writeAsStringAsync imported from "expo-file-system" is deprecated.
You can migrate to the new filesystem API using "File" and "Directory" classes or import the legacy API from "expo-file-system/legacy".
API reference and examples are available in the filesystem docs: https://docs.expo.dev/versions/v54.0.0/sdk/filesystem/
 WARN  Method getInfoAsync imported from "expo-file-system" is deprecated.
You can migrate to the new filesystem API using "File" and "Directory" classes or import the legacy API from "expo-file-system/legacy".
API reference and examples are available in the filesystem docs: https://docs.expo.dev/versions/v54.0.0/sdk/filesystem/
 WARN  Method copyAsync imported from "expo-file-system" is deprecated.
You can migrate to the new filesystem API using "File" and "Directory" classes or import the legacy API from "expo-file-system/legacy".
API reference and examples are available in the filesystem docs: https://docs.expo.dev/versions/v54.0.0/sdk/filesystem/
 WARN  [WidgetDonutCapture1x1] capture fail: Method copyAsync imported from "expo-file-system" is deprecated.
You can migrate to the new filesystem API using "File" and "Directory" classes or import the legacy API from "expo-file-system/legacy".
API reference and examples are available in the filesystem docs: https://docs.expo.dev/versions/v54.0.0/sdk/filesystem/
 WARN  Method writeAsStringAsync imported from "expo-file-system" is deprecated.
You can migrate to the new filesystem API using "File" and "Directory" classes or import the legacy API from "expo-file-system/legacy".
API reference and examples are available in the filesystem docs: https://docs.expo.dev/versions/v54.0.0/sdk/filesystem/
 WARN  [WidgetSync] writeChallengeList fail: Cannot read property 'UTF8' of undefined
 LOG  [ChallengeList][persistChallenges:blur] saved arrangedIds= ["A:ch_1776524413262"]
 LOG  [ChallengeList][persistChallenges] orderMap= {"ch_1776524413262": 0}
 WARN  Method writeAsStringAsync imported from "expo-file-system" is deprecated.
You can migrate to the new filesystem API using "File" and "Directory" classes or import the legacy API from "expo-file-system/legacy".
API reference and examples are available in the filesystem docs: https://docs.expo.dev/versions/v54.0.0/sdk/filesystem/
 WARN  Method getInfoAsync imported from "expo-file-system" is deprecated.
You can migrate to the new filesystem API using "File" and "Directory" classes or import the legacy API from "expo-file-system/legacy".
API reference and examples are available in the filesystem docs: https://docs.expo.dev/versions/v54.0.0/sdk/filesystem/
 WARN  Method copyAsync imported from "expo-file-system" is deprecated.
You can migrate to the new filesystem API using "File" and "Directory" classes or import the legacy API from "expo-file-system/legacy".
API reference and examples are available in the filesystem docs: https://docs.expo.dev/versions/v54.0.0/sdk/filesystem/
 WARN  [WidgetDonutCapture1x1] capture fail: Method copyAsync imported from "expo-file-system" is deprecated.
You can migrate to the new filesystem API using "File" and "Directory" classes or import the legacy API from "expo-file-system/legacy".
API reference and examples are available in the filesystem docs: https://docs.expo.dev/versions/v54.0.0/sdk/filesystem/
 LOG  [ChallengeList][readOrderMap] -> {"ch_1776524413262": 0}
 LOG  [ChallengeList][normalizeWithOrder]
 LOG    mode=respectMap activeKnownIds : ["ch_1776524413262"]
 LOG    mode=respectMap activeUnknownIds: []
 LOG    arrangedIds    : ["A:ch_1776524413262"]
 LOG    newOrderMap    : {"ch_1776524413262": 0}
 LOG  [ChallengeList][load] rawIds= ["ch_1776524413262"]
 LOG  [ChallengeList][load] arrangedIds= ["A:ch_1776524413262"]
 LOG  [ChallengeList][writeOrderMap] saved: {"ch_1776524413262": 0}
 LOG  [ChallengeList][blur] snapshotIds= ["A:ch_1776524413262"]
 LOG  [ChallengeList][readOrderMap] -> {"ch_1776524413262": 0}
 LOG  [ChallengeList][normalizeWithOrder]
 LOG    mode=respectArray activeInArrOrder: ["ch_1776524413262"]
 LOG    arrangedIds    : ["A:ch_1776524413262"]
 LOG    newOrderMap    : {"ch_1776524413262": 0}
 WARN  Method writeAsStringAsync imported from "expo-file-system" is deprecated.
You can migrate to the new filesystem API using "File" and "Directory" classes or import the legacy API from "expo-file-system/legacy".
API reference and examples are available in the filesystem docs: https://docs.expo.dev/versions/v54.0.0/sdk/filesystem/
 WARN  [WidgetSync] writeChallengeList fail: Cannot read property 'UTF8' of undefined
 LOG  [ChallengeList][persistChallenges:blur] saved arrangedIds= ["A:ch_1776524413262"]
 LOG  [ChallengeList][persistChallenges] orderMap= {"ch_1776524413262": 0}
 LOG  [ChallengeList][readOrderMap] -> {"ch_1776524413262": 0}
 LOG  [ChallengeList][normalizeWithOrder]
 LOG    mode=respectMap activeKnownIds : ["ch_1776524413262"]
 LOG    mode=respectMap activeUnknownIds: []
 LOG    arrangedIds    : ["A:ch_1776524413262"]
 LOG    newOrderMap    : {"ch_1776524413262": 0}
 LOG  [ChallengeList][load] rawIds= ["ch_1776524413262"]
 LOG  [ChallengeList][load] arrangedIds= ["A:ch_1776524413262"]
 LOG  [ChallengeList][writeOrderMap] saved: {"ch_1776524413262": 0}
 LOG  [ChallengeList][blur] snapshotIds= ["A:ch_1776524413262"]
 LOG  [ChallengeList][readOrderMap] -> {"ch_1776524413262": 0}
 LOG  [ChallengeList][normalizeWithOrder]
 LOG    mode=respectArray activeInArrOrder: ["ch_1776524413262"]
 LOG    arrangedIds    : ["A:ch_1776524413262"]
 LOG    newOrderMap    : {"ch_1776524413262": 0}
 WARN  Method writeAsStringAsync imported from "expo-file-system" is deprecated.
You can migrate to the new filesystem API using "File" and "Directory" classes or import the legacy API from "expo-file-system/legacy".
API reference and examples are available in the filesystem docs: https://docs.expo.dev/versions/v54.0.0/sdk/filesystem/
 WARN  [WidgetSync] writeChallengeList fail: Cannot read property 'UTF8' of undefined
 LOG  [ChallengeList][persistChallenges:blur] saved arrangedIds= ["A:ch_1776524413262"]
 LOG  [ChallengeList][persistChallenges] orderMap= {"ch_1776524413262": 0}
 WARN  Method writeAsStringAsync imported from "expo-file-system" is deprecated.
You can migrate to the new filesystem API using "File" and "Directory" classes or import the legacy API from "expo-file-system/legacy".
API reference and examples are available in the filesystem docs: https://docs.expo.dev/versions/v54.0.0/sdk/filesystem/
 WARN  Method getInfoAsync imported from "expo-file-system" is deprecated.
You can migrate to the new filesystem API using "File" and "Directory" classes or import the legacy API from "expo-file-system/legacy".
API reference and examples are available in the filesystem docs: https://docs.expo.dev/versions/v54.0.0/sdk/filesystem/
 WARN  Method copyAsync imported from "expo-file-system" is deprecated.
You can migrate to the new filesystem API using "File" and "Directory" classes or import the legacy API from "expo-file-system/legacy".
API reference and examples are available in the filesystem docs: https://docs.expo.dev/versions/v54.0.0/sdk/filesystem/
 WARN  [WidgetDonutCapture1x1] capture fail: Method copyAsync imported from "expo-file-system" is deprecated.
You can migrate to the new filesystem API using "File" and "Directory" classes or import the legacy API from "expo-file-system/legacy".
API reference and examples are available in the filesystem docs: https://docs.expo.dev/versions/v54.0.0/sdk/filesystem/
